<?xml version="1.0" encoding="UTF-8"?>
<!-- Generated by org.testng.reporters.JUnitXMLReporter -->
<testsuite hostname="DESKTOP-MU10J7S" name="Cleartrip" tests="1" failures="1" timestamp="23 Jul 2019 18:08:01 GMT" time="7.04" errors="0">
  <testcase name="feature" time="6.655" classname="runner.testrunner">
    <failure type="cucumber.runtime.CucumberException" message="org.junit.ComparisonFailure: expected:&amp;lt;[Cleartrip]&amp;gt; but was:&amp;lt;[title]&amp;gt;">
      <![CDATA[cucumber.runtime.CucumberException: org.junit.ComparisonFailure: expected:<[Cleartrip]> but was:<[title]>
	at cucumber.api.testng.TestNGCucumberRunner.runCucumber(TestNGCucumberRunner.java:69)
	at runner.testrunner.feature(testrunner.java:34)
	at java.util.concurrent.FutureTask.run(FutureTask.java:266)
	at java.util.concurrent.ThreadPoolExecutor.runWorker(ThreadPoolExecutor.java:1149)
	at java.util.concurrent.ThreadPoolExecutor$Worker.run(ThreadPoolExecutor.java:624)
	at java.lang.Thread.run(Thread.java:748)
Caused by: org.junit.ComparisonFailure: expected:<[Cleartrip]> but was:<[title]>
	at org.junit.Assert.assertEquals(Assert.java:115)
	at org.junit.Assert.assertEquals(Assert.java:144)
	at stepdefination.loginstepdefination.title_of_the_login_page_in_cleartrip(loginstepdefination.java:42)
	at ✽.When Title of the login page in cleartrip(login.feature:6)
... Removed 16 stack frames]]>
    </failure>
  </testcase> <!-- feature -->
</testsuite> <!-- Cleartrip -->
